{
  "RSpec": {
    "coverage": {
      "/home/jessica/Documents/Microverse/tracking_app_api/app/models/user.rb": {
        "lines": [
          1,
          1,
          1,
          1,
          1,
          null
        ]
      },
      "/home/jessica/Documents/Microverse/tracking_app_api/app/models/application_record.rb": {
        "lines": [
          1,
          1,
          null
        ]
      },
      "/home/jessica/Documents/Microverse/tracking_app_api/app/helpers/application_helper.rb": {
        "lines": [
          1,
          null
        ]
      },
      "/home/jessica/Documents/Microverse/tracking_app_api/app/helpers/tasks_helper.rb": {
        "lines": [
          1,
          1,
          3,
          null,
          1,
          null,
          1,
          null,
          null,
          0,
          null,
          null,
          0,
          null,
          null,
          0,
          null,
          1,
          null,
          null,
          null,
          1,
          2,
          2,
          2,
          1,
          null,
          null,
          1,
          1,
          1,
          1,
          1,
          1,
          1,
          0,
          0,
          null,
          null,
          null,
          1,
          null,
          1,
          1,
          null,
          null
        ]
      },
      "/home/jessica/Documents/Microverse/tracking_app_api/app/helpers/tracks_helper.rb": {
        "lines": [
          1,
          1,
          1,
          null,
          null
        ]
      },
      "/home/jessica/Documents/Microverse/tracking_app_api/app/models/task.rb": {
        "lines": [
          1,
          1,
          1,
          1,
          1,
          1,
          null,
          1,
          3,
          null,
          null,
          null,
          null,
          null,
          1,
          null,
          1,
          2,
          2,
          2,
          1,
          1,
          0,
          null,
          null
        ]
      },
      "/home/jessica/Documents/Microverse/tracking_app_api/app/models/track.rb": {
        "lines": [
          1,
          1,
          1,
          1,
          null,
          1,
          1,
          null
        ]
      },
      "/home/jessica/Documents/Microverse/tracking_app_api/app/controllers/application_controller.rb": {
        "lines": [
          1,
          1,
          1,
          null
        ]
      },
      "/home/jessica/Documents/Microverse/tracking_app_api/app/controllers/users/authentication_controller.rb": {
        "lines": [
          1,
          1,
          1,
          1,
          null,
          1,
          2,
          0,
          0,
          null,
          2,
          null,
          null,
          null,
          1,
          1,
          1,
          null,
          null,
          1,
          null,
          1,
          2,
          2,
          null,
          null,
          null
        ]
      },
      "/home/jessica/Documents/Microverse/tracking_app_api/app/controllers/users/passwords_controller.rb": {
        "lines": [
          1,
          1,
          1,
          null,
          1,
          1,
          null,
          1,
          0,
          0,
          null,
          0,
          0,
          null,
          1,
          null,
          null,
          null,
          1,
          null,
          1,
          1,
          null,
          null,
          null
        ]
      },
      "/home/jessica/Documents/Microverse/tracking_app_api/app/controllers/users/registration_controller.rb": {
        "lines": [
          1,
          1,
          1,
          null,
          1,
          2,
          2,
          1,
          1,
          null,
          1,
          null,
          null,
          null,
          1,
          1,
          1,
          null,
          null,
          1,
          null,
          1,
          2,
          null,
          null,
          null
        ]
      },
      "/home/jessica/Documents/Microverse/tracking_app_api/app/controllers/tasks_controller.rb": {
        "lines": [
          1,
          1,
          1,
          1,
          1,
          null,
          1,
          0,
          0,
          null,
          null,
          1,
          3,
          3,
          null,
          null,
          1,
          1,
          null,
          1,
          1,
          1,
          0,
          null,
          0,
          null,
          null,
          null,
          1,
          0,
          0,
          0,
          0,
          0,
          null,
          0,
          null,
          null,
          null,
          1,
          0,
          0,
          null,
          null
        ]
      },
      "/home/jessica/Documents/Microverse/tracking_app_api/app/mailers/application_mailer.rb": {
        "lines": [
          0,
          0,
          0,
          0
        ],
        "branches": {
        }
      },
      "/home/jessica/Documents/Microverse/tracking_app_api/app/channels/application_cable/connection.rb": {
        "lines": [
          0,
          0,
          0,
          0
        ],
        "branches": {
        }
      },
      "/home/jessica/Documents/Microverse/tracking_app_api/app/channels/application_cable/channel.rb": {
        "lines": [
          0,
          0,
          0,
          0
        ],
        "branches": {
        }
      },
      "/home/jessica/Documents/Microverse/tracking_app_api/app/jobs/application_job.rb": {
        "lines": [
          0,
          null,
          null,
          null,
          null,
          null,
          0
        ],
        "branches": {
        }
      },
      "/home/jessica/Documents/Microverse/tracking_app_api/app/models/refresh_token.rb": {
        "lines": [
          0,
          0,
          0
        ],
        "branches": {
        }
      },
      "/home/jessica/Documents/Microverse/tracking_app_api/app/controllers/users/tokens_controller.rb": {
        "lines": [
          0,
          0,
          0,
          0,
          null,
          0,
          0,
          0,
          0,
          0,
          0,
          null,
          0,
          null,
          0,
          0,
          0,
          0,
          0,
          0,
          0,
          0,
          0,
          0,
          0
        ],
        "branches": {
        }
      }
    },
    "timestamp": 1617594784
  }
}
